<?xml version="1.0" encoding="UTF-8"?>
<robot generator="Robot 7.0 (Python 3.11.4 on win32)" generated="2024-02-18T18:13:41.737891" rpa="false" schemaversion="5">
<suite id="s1" name="Testcases" source="C:\Users\Khalil\Desktop\saucedemo\my_robot_project\test_cases\testcases.robot">
<test id="s1-t1" name="Open Chrome Browser" line="5">
<kw name="Open Browser" owner="SeleniumLibrary">
<msg time="2024-02-18T18:13:41.948380" level="INFO">Opening browser 'chrome' to base url 'https://www.saucedemo.com/'.</msg>
<arg>https://www.saucedemo.com/</arg>
<arg>chrome</arg>
<doc>Opens a new browser instance to the optional ``url``.</doc>
<status status="PASS" start="2024-02-18T18:13:41.948380" elapsed="2.946752"/>
</kw>
<status status="PASS" start="2024-02-18T18:13:41.948380" elapsed="2.947018"/>
</test>
<test id="s1-t2" name="Verify Login Screen username" line="7">
<kw name="Wait Until Page Contains Element" owner="SeleniumLibrary">
<arg>id:user-name</arg>
<doc>Waits until the element ``locator`` appears on the current page.</doc>
<status status="PASS" start="2024-02-18T18:13:44.895398" elapsed="0.013473"/>
</kw>
<kw name="Input Text" owner="SeleniumLibrary">
<msg time="2024-02-18T18:13:44.909461" level="INFO">Typing text 'standard_user' into text field 'id:user-name'.</msg>
<arg>id:user-name</arg>
<arg>standard_user</arg>
<doc>Types the given ``text`` into the text field identified by ``locator``.</doc>
<status status="PASS" start="2024-02-18T18:13:44.909461" elapsed="0.132548"/>
</kw>
<status status="PASS" start="2024-02-18T18:13:44.895398" elapsed="0.146611"/>
</test>
<test id="s1-t3" name="Verify Login Screen Password" line="10">
<kw name="Wait Until Page Contains Element" owner="SeleniumLibrary">
<arg>id:password</arg>
<doc>Waits until the element ``locator`` appears on the current page.</doc>
<status status="PASS" start="2024-02-18T18:13:45.043009" elapsed="0.001002"/>
</kw>
<kw name="Input Text" owner="SeleniumLibrary">
<msg time="2024-02-18T18:13:45.044011" level="INFO">Typing text 'secret_sauce' into text field 'id:password'.</msg>
<arg>id:password</arg>
<arg>secret_sauce</arg>
<doc>Types the given ``text`` into the text field identified by ``locator``.</doc>
<status status="PASS" start="2024-02-18T18:13:45.044011" elapsed="0.112352"/>
</kw>
<status status="PASS" start="2024-02-18T18:13:45.043009" elapsed="0.113354"/>
</test>
<test id="s1-t4" name="Verify the Login Button and Click on to the Button" line="13">
<kw name="Wait Until Page Contains Element" owner="SeleniumLibrary">
<arg>id:login-button</arg>
<doc>Waits until the element ``locator`` appears on the current page.</doc>
<status status="PASS" start="2024-02-18T18:13:45.157362" elapsed="0.011005"/>
</kw>
<kw name="Click Button" owner="SeleniumLibrary">
<msg time="2024-02-18T18:13:45.168367" level="INFO">Clicking button 'id:login-button'.</msg>
<arg>id:login-button</arg>
<doc>Clicks the button identified by ``locator``.</doc>
<status status="PASS" start="2024-02-18T18:13:45.168367" elapsed="0.084420"/>
</kw>
<status status="PASS" start="2024-02-18T18:13:45.157362" elapsed="0.095425"/>
</test>
<test id="s1-t5" name="Verify the Next Screen After Click onto Login Button" line="16">
<kw name="Set Variable" owner="BuiltIn">
<msg time="2024-02-18T18:13:45.253784" level="INFO">${expected_url} = https://www.saucedemo.com/inventory.html</msg>
<var>${expected_url}</var>
<arg>https://www.saucedemo.com/inventory.html</arg>
<doc>Returns the given values which can then be assigned to a variables.</doc>
<status status="PASS" start="2024-02-18T18:13:45.253784" elapsed="0.000000"/>
</kw>
<kw name="Get Location" owner="SeleniumLibrary">
<msg time="2024-02-18T18:13:45.258784" level="INFO">${CURR_URL} = https://www.saucedemo.com/inventory.html</msg>
<var>${CURR_URL}</var>
<doc>Returns the current browser window URL.</doc>
<status status="PASS" start="2024-02-18T18:13:45.254783" elapsed="0.004001"/>
</kw>
<kw name="Wait Until Keyword Succeeds" owner="BuiltIn">
<kw name="Should Be Equal" owner="BuiltIn">
<arg>${expected_url}</arg>
<arg>${CURR_URL}</arg>
<doc>Fails if the given objects are unequal.</doc>
<status status="PASS" start="2024-02-18T18:13:45.258784" elapsed="0.001000"/>
</kw>
<arg>10x</arg>
<arg>3s</arg>
<arg>Should Be Equal</arg>
<arg>${expected_url}</arg>
<arg>${CURR_URL}</arg>
<doc>Runs the specified keyword and retries if it fails.</doc>
<status status="PASS" start="2024-02-18T18:13:45.258784" elapsed="0.001000"/>
</kw>
<kw name="Set Variable" owner="BuiltIn">
<msg time="2024-02-18T18:13:45.259784" level="INFO">${expected_title} = Swag Labs</msg>
<var>${expected_title}</var>
<arg>Swag Labs</arg>
<doc>Returns the given values which can then be assigned to a variables.</doc>
<status status="PASS" start="2024-02-18T18:13:45.259784" elapsed="0.000000"/>
</kw>
<kw name="Get Title" owner="SeleniumLibrary">
<msg time="2024-02-18T18:13:45.264784" level="INFO">${CURR_TITLE} = Swag Labs</msg>
<var>${CURR_TITLE}</var>
<doc>Returns the title of the current page.</doc>
<status status="PASS" start="2024-02-18T18:13:45.259784" elapsed="0.005000"/>
</kw>
<kw name="Wait Until Keyword Succeeds" owner="BuiltIn">
<kw name="Should Be Equal" owner="BuiltIn">
<arg>${expected_title}</arg>
<arg>${CURR_TITLE}</arg>
<doc>Fails if the given objects are unequal.</doc>
<status status="PASS" start="2024-02-18T18:13:45.264784" elapsed="0.001000"/>
</kw>
<arg>10x</arg>
<arg>3s</arg>
<arg>Should Be Equal</arg>
<arg>${expected_title}</arg>
<arg>${CURR_TITLE}</arg>
<doc>Runs the specified keyword and retries if it fails.</doc>
<status status="PASS" start="2024-02-18T18:13:45.264784" elapsed="0.001000"/>
</kw>
<status status="PASS" start="2024-02-18T18:13:45.253784" elapsed="0.012000"/>
</test>
<test id="s1-t6" name="Verify Cart Checkout" line="23">
<kw name="Wait Until Page Contains Element" owner="SeleniumLibrary">
<arg>id:add-to-cart-sauce-labs-backpack</arg>
<doc>Waits until the element ``locator`` appears on the current page.</doc>
<status status="PASS" start="2024-02-18T18:13:45.266784" elapsed="0.010407"/>
</kw>
<kw name="Click Button" owner="SeleniumLibrary">
<msg time="2024-02-18T18:13:45.277749" level="INFO">Clicking button 'id:add-to-cart-sauce-labs-backpack'.</msg>
<arg>id:add-to-cart-sauce-labs-backpack</arg>
<doc>Clicks the button identified by ``locator``.</doc>
<status status="PASS" start="2024-02-18T18:13:45.277749" elapsed="0.104281"/>
</kw>
<kw name="Wait Until Page Contains Element" owner="SeleniumLibrary">
<arg>class:shopping_cart_link</arg>
<doc>Waits until the element ``locator`` appears on the current page.</doc>
<status status="PASS" start="2024-02-18T18:13:45.382030" elapsed="0.020574"/>
</kw>
<kw name="Click Element" owner="SeleniumLibrary">
<msg time="2024-02-18T18:13:45.403605" level="INFO">Clicking element 'class:shopping_cart_link'.</msg>
<arg>class:shopping_cart_link</arg>
<doc>Click the element identified by ``locator``.</doc>
<status status="PASS" start="2024-02-18T18:13:45.403605" elapsed="0.042423"/>
</kw>
<kw name="Wait Until Page Contains Element" owner="SeleniumLibrary">
<arg>id:checkout</arg>
<doc>Waits until the element ``locator`` appears on the current page.</doc>
<status status="PASS" start="2024-02-18T18:13:45.446028" elapsed="0.010493"/>
</kw>
<kw name="Click Button" owner="SeleniumLibrary">
<msg time="2024-02-18T18:13:45.457044" level="INFO">Clicking button 'id:checkout'.</msg>
<arg>id:checkout</arg>
<doc>Clicks the button identified by ``locator``.</doc>
<status status="PASS" start="2024-02-18T18:13:45.457044" elapsed="0.057797"/>
</kw>
<kw name="Set Variable" owner="BuiltIn">
<msg time="2024-02-18T18:13:45.514841" level="INFO">${expected_url} = https://www.saucedemo.com/checkout-step-one.html</msg>
<var>${expected_url}</var>
<arg>https://www.saucedemo.com/checkout-step-one.html</arg>
<doc>Returns the given values which can then be assigned to a variables.</doc>
<status status="PASS" start="2024-02-18T18:13:45.514841" elapsed="0.000000"/>
</kw>
<kw name="Get Location" owner="SeleniumLibrary">
<msg time="2024-02-18T18:13:45.514841" level="INFO">${CURR_URL} = https://www.saucedemo.com/checkout-step-one.html</msg>
<var>${CURR_URL}</var>
<doc>Returns the current browser window URL.</doc>
<status status="PASS" start="2024-02-18T18:13:45.514841" elapsed="0.000000"/>
</kw>
<kw name="Wait Until Keyword Succeeds" owner="BuiltIn">
<kw name="Should Be Equal" owner="BuiltIn">
<arg>${expected_url}</arg>
<arg>${CURR_URL}</arg>
<doc>Fails if the given objects are unequal.</doc>
<status status="PASS" start="2024-02-18T18:13:45.514841" elapsed="0.000000"/>
</kw>
<arg>10x</arg>
<arg>3s</arg>
<arg>Should Be Equal</arg>
<arg>${expected_url}</arg>
<arg>${CURR_URL}</arg>
<doc>Runs the specified keyword and retries if it fails.</doc>
<status status="PASS" start="2024-02-18T18:13:45.514841" elapsed="0.000000"/>
</kw>
<kw name="Set Variable" owner="BuiltIn">
<msg time="2024-02-18T18:13:45.514841" level="INFO">${expected_title} = Swag Labs</msg>
<var>${expected_title}</var>
<arg>Swag Labs</arg>
<doc>Returns the given values which can then be assigned to a variables.</doc>
<status status="PASS" start="2024-02-18T18:13:45.514841" elapsed="0.000000"/>
</kw>
<kw name="Get Title" owner="SeleniumLibrary">
<msg time="2024-02-18T18:13:45.514841" level="INFO">${CURR_TITLE} = Swag Labs</msg>
<var>${CURR_TITLE}</var>
<doc>Returns the title of the current page.</doc>
<status status="PASS" start="2024-02-18T18:13:45.514841" elapsed="0.000000"/>
</kw>
<kw name="Wait Until Keyword Succeeds" owner="BuiltIn">
<kw name="Should Be Equal" owner="BuiltIn">
<arg>${expected_title}</arg>
<arg>${CURR_TITLE}</arg>
<doc>Fails if the given objects are unequal.</doc>
<status status="PASS" start="2024-02-18T18:13:45.514841" elapsed="0.000000"/>
</kw>
<arg>10x</arg>
<arg>3s</arg>
<arg>Should Be Equal</arg>
<arg>${expected_title}</arg>
<arg>${CURR_TITLE}</arg>
<doc>Runs the specified keyword and retries if it fails.</doc>
<status status="PASS" start="2024-02-18T18:13:45.514841" elapsed="0.000000"/>
</kw>
<kw name="Wait Until Page Contains Element" owner="SeleniumLibrary">
<arg>id:first-name</arg>
<doc>Waits until the element ``locator`` appears on the current page.</doc>
<status status="PASS" start="2024-02-18T18:13:45.514841" elapsed="0.020241"/>
</kw>
<kw name="Input Text" owner="SeleniumLibrary">
<msg time="2024-02-18T18:13:45.536083" level="INFO">Typing text 'test' into text field 'id:first-name'.</msg>
<arg>id:first-name</arg>
<arg>test</arg>
<doc>Types the given ``text`` into the text field identified by ``locator``.</doc>
<status status="PASS" start="2024-02-18T18:13:45.535082" elapsed="0.072550"/>
</kw>
<kw name="Wait Until Page Contains Element" owner="SeleniumLibrary">
<arg>id:last-name</arg>
<doc>Waits until the element ``locator`` appears on the current page.</doc>
<status status="PASS" start="2024-02-18T18:13:45.607632" elapsed="0.003210"/>
</kw>
<kw name="Input Text" owner="SeleniumLibrary">
<msg time="2024-02-18T18:13:45.610842" level="INFO">Typing text 'test' into text field 'id:last-name'.</msg>
<arg>id:last-name</arg>
<arg>test</arg>
<doc>Types the given ``text`` into the text field identified by ``locator``.</doc>
<status status="PASS" start="2024-02-18T18:13:45.610842" elapsed="0.080760"/>
</kw>
<kw name="Wait Until Page Contains Element" owner="SeleniumLibrary">
<arg>id:postal-code</arg>
<doc>Waits until the element ``locator`` appears on the current page.</doc>
<status status="PASS" start="2024-02-18T18:13:45.691602" elapsed="0.002612"/>
</kw>
<kw name="Input Text" owner="SeleniumLibrary">
<msg time="2024-02-18T18:13:45.694214" level="INFO">Typing text 'test' into text field 'id:postal-code'.</msg>
<arg>id:postal-code</arg>
<arg>test</arg>
<doc>Types the given ``text`` into the text field identified by ``locator``.</doc>
<status status="PASS" start="2024-02-18T18:13:45.694214" elapsed="0.077145"/>
</kw>
<kw name="Wait Until Page Contains Element" owner="SeleniumLibrary">
<arg>id:continue</arg>
<doc>Waits until the element ``locator`` appears on the current page.</doc>
<status status="PASS" start="2024-02-18T18:13:45.771359" elapsed="0.010959"/>
</kw>
<kw name="Click Button" owner="SeleniumLibrary">
<msg time="2024-02-18T18:13:45.783318" level="INFO">Clicking button 'id:continue'.</msg>
<arg>id:continue</arg>
<doc>Clicks the button identified by ``locator``.</doc>
<status status="PASS" start="2024-02-18T18:13:45.782318" elapsed="0.052747"/>
</kw>
<kw name="Set Variable" owner="BuiltIn">
<msg time="2024-02-18T18:13:45.835065" level="INFO">${expected_url} = https://www.saucedemo.com/checkout-step-two.html</msg>
<var>${expected_url}</var>
<arg>https://www.saucedemo.com/checkout-step-two.html</arg>
<doc>Returns the given values which can then be assigned to a variables.</doc>
<status status="PASS" start="2024-02-18T18:13:45.835065" elapsed="0.000000"/>
</kw>
<kw name="Get Location" owner="SeleniumLibrary">
<msg time="2024-02-18T18:13:45.835065" level="INFO">${CURR_URL} = https://www.saucedemo.com/checkout-step-two.html</msg>
<var>${CURR_URL}</var>
<doc>Returns the current browser window URL.</doc>
<status status="PASS" start="2024-02-18T18:13:45.835065" elapsed="0.000000"/>
</kw>
<kw name="Wait Until Keyword Succeeds" owner="BuiltIn">
<kw name="Should Be Equal" owner="BuiltIn">
<arg>${expected_url}</arg>
<arg>${CURR_URL}</arg>
<doc>Fails if the given objects are unequal.</doc>
<status status="PASS" start="2024-02-18T18:13:45.835065" elapsed="0.000000"/>
</kw>
<arg>10x</arg>
<arg>3s</arg>
<arg>Should Be Equal</arg>
<arg>${expected_url}</arg>
<arg>${CURR_URL}</arg>
<doc>Runs the specified keyword and retries if it fails.</doc>
<status status="PASS" start="2024-02-18T18:13:45.835065" elapsed="0.000000"/>
</kw>
<kw name="Wait Until Page Contains Element" owner="SeleniumLibrary">
<arg>id:finish</arg>
<doc>Waits until the element ``locator`` appears on the current page.</doc>
<status status="PASS" start="2024-02-18T18:13:45.835065" elapsed="0.015008"/>
</kw>
<kw name="Click Button" owner="SeleniumLibrary">
<msg time="2024-02-18T18:13:45.850073" level="INFO">Clicking button 'id:finish'.</msg>
<arg>id:finish</arg>
<doc>Clicks the button identified by ``locator``.</doc>
<status status="PASS" start="2024-02-18T18:13:45.850073" elapsed="0.051709"/>
</kw>
<kw name="Set Variable" owner="BuiltIn">
<msg time="2024-02-18T18:13:45.902781" level="INFO">${expected_url} = https://www.saucedemo.com/checkout-complete.html</msg>
<var>${expected_url}</var>
<arg>https://www.saucedemo.com/checkout-complete.html</arg>
<doc>Returns the given values which can then be assigned to a variables.</doc>
<status status="PASS" start="2024-02-18T18:13:45.902781" elapsed="0.000000"/>
</kw>
<kw name="Get Location" owner="SeleniumLibrary">
<msg time="2024-02-18T18:13:45.906780" level="INFO">${CURR_URL} = https://www.saucedemo.com/checkout-complete.html</msg>
<var>${CURR_URL}</var>
<doc>Returns the current browser window URL.</doc>
<status status="PASS" start="2024-02-18T18:13:45.902781" elapsed="0.003999"/>
</kw>
<kw name="Wait Until Keyword Succeeds" owner="BuiltIn">
<kw name="Should Be Equal" owner="BuiltIn">
<arg>${expected_url}</arg>
<arg>${CURR_URL}</arg>
<doc>Fails if the given objects are unequal.</doc>
<status status="PASS" start="2024-02-18T18:13:45.906780" elapsed="0.001000"/>
</kw>
<arg>10x</arg>
<arg>3s</arg>
<arg>Should Be Equal</arg>
<arg>${expected_url}</arg>
<arg>${CURR_URL}</arg>
<doc>Runs the specified keyword and retries if it fails.</doc>
<status status="PASS" start="2024-02-18T18:13:45.906780" elapsed="0.001000"/>
</kw>
<kw name="Wait Until Page Contains Element" owner="SeleniumLibrary">
<arg>id:back-to-products</arg>
<doc>Waits until the element ``locator`` appears on the current page.</doc>
<status status="PASS" start="2024-02-18T18:13:45.907780" elapsed="0.004919"/>
</kw>
<kw name="Click Button" owner="SeleniumLibrary">
<msg time="2024-02-18T18:13:45.912699" level="INFO">Clicking button 'id:back-to-products'.</msg>
<arg>id:back-to-products</arg>
<doc>Clicks the button identified by ``locator``.</doc>
<status status="PASS" start="2024-02-18T18:13:45.912699" elapsed="0.063362"/>
</kw>
<kw name="Set Variable" owner="BuiltIn">
<msg time="2024-02-18T18:13:45.979062" level="INFO">${expected_url} = https://www.saucedemo.com/inventory.html</msg>
<var>${expected_url}</var>
<arg>https://www.saucedemo.com/inventory.html</arg>
<doc>Returns the given values which can then be assigned to a variables.</doc>
<status status="PASS" start="2024-02-18T18:13:45.979062" elapsed="0.000000"/>
</kw>
<kw name="Get Location" owner="SeleniumLibrary">
<msg time="2024-02-18T18:13:45.980570" level="INFO">${CURR_URL} = https://www.saucedemo.com/inventory.html</msg>
<var>${CURR_URL}</var>
<doc>Returns the current browser window URL.</doc>
<status status="PASS" start="2024-02-18T18:13:45.979062" elapsed="0.001508"/>
</kw>
<kw name="Wait Until Keyword Succeeds" owner="BuiltIn">
<kw name="Should Be Equal" owner="BuiltIn">
<arg>${expected_url}</arg>
<arg>${CURR_URL}</arg>
<doc>Fails if the given objects are unequal.</doc>
<status status="PASS" start="2024-02-18T18:13:45.980570" elapsed="0.000000"/>
</kw>
<arg>10x</arg>
<arg>3s</arg>
<arg>Should Be Equal</arg>
<arg>${expected_url}</arg>
<arg>${CURR_URL}</arg>
<doc>Runs the specified keyword and retries if it fails.</doc>
<status status="PASS" start="2024-02-18T18:13:45.980570" elapsed="0.000000"/>
</kw>
<status status="PASS" start="2024-02-18T18:13:45.266784" elapsed="0.713786"/>
</test>
<status status="PASS" start="2024-02-18T18:13:41.737891" elapsed="4.242679"/>
</suite>
<statistics>
<total>
<stat pass="6" fail="0" skip="0">All Tests</stat>
</total>
<tag>
</tag>
<suite>
<stat pass="6" fail="0" skip="0" id="s1" name="Testcases">Testcases</stat>
</suite>
</statistics>
<errors>
</errors>
</robot>
